<?xml version="1.0" encoding="UTF-8"?>
<!-- Generated by org.testng.reporters.JUnitReportReporter -->
<testsuite hostname="GPL75M3" failures="0" tests="4" name="com.techweb.helloworld.LoginFunction.login_rise_fairsketch" time="14.648" errors="0" timestamp="2023-06-05T14:27:17 ICT" skipped="0">
  <testcase classname="com.techweb.helloworld.LoginFunction.login_rise_fairsketch" name="TC_03_SignIn_Incorrect_Email" time="3.382"/>
  <system-out/>
  <testcase classname="com.techweb.helloworld.LoginFunction.login_rise_fairsketch" name="TC_01_SignIn_Empty_Data" time="2.349"/>
  <system-out/>
  <testcase classname="com.techweb.helloworld.LoginFunction.login_rise_fairsketch" name="TC_02_SignIn_Invalid_Email" time="2.309"/>
  <system-out/>
  <testcase classname="com.techweb.helloworld.LoginFunction.login_rise_fairsketch" name="TC_05_SignIn_Sucessfully" time="6.608"/>
  <system-out/>
</testsuite> <!-- com.techweb.helloworld.LoginFunction.login_rise_fairsketch -->
