<?xml version="1.0" encoding="UTF-8"?>
<!-- Generated by org.testng.reporters.JUnitReportReporter -->
<testsuite hostname="GPL75M3" failures="0" tests="1" name="com.techweb.helloworld.LoginFunction.AddClientTest" time="3.583" errors="0" timestamp="2023-06-19T20:21:34 ICT" skipped="0">
  <testcase classname="com.techweb.helloworld.LoginFunction.AddClientTest" name="afterTest" time="3.583"/>
  <system-out/>
</testsuite> <!-- com.techweb.helloworld.LoginFunction.AddClientTest -->
