<?xml version="1.0" encoding="UTF-8"?>
<!-- Generated by org.testng.reporters.JUnitReportReporter -->
<testsuite hostname="GPL75M3" failures="0" tests="4" name="demo.herokuapp.login_rise_fairsketch" time="15.994" errors="0" timestamp="2023-06-02T15:11:43 ICT" skipped="0">
  <testcase classname="demo.herokuapp.login_rise_fairsketch" name="TC_01_SignIn_Empty_Data" time="2.351"/>
  <system-out/>
  <testcase classname="demo.herokuapp.login_rise_fairsketch" name="TC_02_SignIn_Invalid_Email" time="2.304"/>
  <system-out/>
  <testcase classname="demo.herokuapp.login_rise_fairsketch" name="TC_05_SignIn_Sucessfully" time="8.097"/>
  <system-out/>
  <testcase classname="demo.herokuapp.login_rise_fairsketch" name="TC_03_SignIn_Incorrect_Email" time="3.242"/>
  <system-out/>
</testsuite> <!-- demo.herokuapp.login_rise_fairsketch -->
